  HeightMap.cpp
  Renderer.cpp
C:\Users\Admin\Desktop\Graphics\Graphics For Games\Graphics For Games\10) Post Processing\Renderer.h(36,26): warning C4200: nonstandard extension used: zero-sized array in struct/union
  Tutorial10.cpp
C:\Users\Admin\Desktop\Graphics\Graphics For Games\Graphics For Games\10) Post Processing\Renderer.h(36,26): message : This member will be ignored by a defaulted constructor or copy/move assignment operator
C:\Users\Admin\Desktop\Graphics\Graphics For Games\Graphics For Games\10) Post Processing\Renderer.h(36,26): warning C4200: nonstandard extension used: zero-sized array in struct/union
  Generating Code...
C:\Users\Admin\Desktop\Graphics\Graphics For Games\Graphics For Games\10) Post Processing\Renderer.h(36,26): message : This member will be ignored by a defaulted constructor or copy/move assignment operator
  LINK : C:\Users\Admin\Desktop\Graphics\Graphics For Games\Graphics For Games\Debug\Tutorial 10 - Post Processing.exe not found or not built by the last incremental link; performing full link
LINK : warning LNK4286: symbol '___glewGetUniformLocation' defined in 'glew32.lib(glew.obj)' is imported by 'Renderer.obj'
LINK : warning LNK4286: symbol '___glewUniform1i' defined in 'glew32.lib(glew.obj)' is imported by 'Renderer.obj'
LINK : warning LNK4286: symbol '___glewUniform2f' defined in 'glew32.lib(glew.obj)' is imported by 'Renderer.obj'
LINK : warning LNK4286: symbol '___glewUseProgram' defined in 'glew32.lib(glew.obj)' is imported by 'Renderer.obj'
LINK : warning LNK4286: symbol '___glewBindFramebuffer' defined in 'glew32.lib(glew.obj)' is imported by 'Renderer.obj'
LINK : warning LNK4286: symbol '___glewCheckFramebufferStatus' defined in 'glew32.lib(glew.obj)' is imported by 'Renderer.obj'
LINK : warning LNK4286: symbol '___glewDeleteFramebuffers' defined in 'glew32.lib(glew.obj)' is imported by 'Renderer.obj'
LINK : warning LNK4286: symbol '___glewFramebufferTexture2D' defined in 'glew32.lib(glew.obj)' is imported by 'Renderer.obj'
LINK : warning LNK4286: symbol '___glewGenFramebuffers' defined in 'glew32.lib(glew.obj)' is imported by 'Renderer.obj'
glew32.lib(glew.obj) : warning LNK4099: PDB 'vc120.pdb' was not found with 'glew32.lib(glew.obj)' or at 'C:\Users\Admin\Desktop\Graphics\Graphics For Games\Graphics For Games\Debug\vc120.pdb'; linking object as if no debug info
  Tutorial10.vcxproj -> C:\Users\Admin\Desktop\Graphics\Graphics For Games\Graphics For Games\Debug\Tutorial 10 - Post Processing.exe
